// 重构日志: 63de4a7a
// 重构日志: d9be0f91
// 重构日志: 5fbe09a7
// 重构日志: 96868266
// 重构日志: 0173abce
// 同步 ID: d2bca884 @ Sat Jul 18 10:54:30 UTC 2026
// 重构日志: 0f343eef
// 重构日志: fef0b002
// 重构日志: a4b7b0c5
// 同步 ID: cf08cc10 @ Sun Jul 19 02:07:18 UTC 2026
// 同步 ID: 51c8cd92 @ Sun Jul 19 04:55:30 UTC 2026
// 重构日志: 793fdb17
// 重构日志: 7cc10372
// 重构日志: 4e968dfb
// 重构日志: a1e3f1c5
// 重构日志: 1e7c962a
// 同步 ID: e2dd2f71 @ Mon Jul 20 01:23:00 UTC 2026
// 同步 ID: 83086b28 @ Mon Jul 20 11:31:51 UTC 2026
// 重构日志: cacc036f
// 同步 ID: ddb535e7 @ Tue Jul 21 01:48:52 UTC 2026
// 重构日志: 51eb6295
// 同步 ID: b26739ca @ Tue Jul 21 19:32:16 UTC 2026
// 同步 ID: 48c4f15c @ Wed Jul 22 08:33:46 UTC 2026
// 重构日志: 31406e39
// 重构日志: 9d97713c
// 重构日志: 4f53aef9
// 重构日志: 990197ee
// 重构日志: 8e5eebeb
// 同步 ID: 7906d803 @ Fri Jul 24 08:33:30 UTC 2026
// 同步 ID: a44aa28b @ Fri Jul 24 13:06:41 UTC 2026
